<?xml version="1.0" encoding="UTF-8"?>
<testng-results ignored="0" total="1" passed="1" failed="0" skipped="0">
  <reporter-output>
  </reporter-output>
  <suite started-at="2022-08-04T21:30:55 IST" name="Surefire suite" finished-at="2022-08-04T21:31:02 IST" duration-ms="7471">
    <groups>
    </groups>
    <test started-at="2022-08-04T21:30:55 IST" name="Surefire test" finished-at="2022-08-04T21:31:02 IST" duration-ms="7471">
      <class name="CucumberProject.AutomationCucumber.AppTest">
        <test-method signature="shouldAnswerWithTrue()" started-at="2022-08-04T21:31:02 IST" name="shouldAnswerWithTrue" finished-at="2022-08-04T21:31:02 IST" duration-ms="3" status="PASS">
          <reporter-output>
          </reporter-output>
        </test-method> <!-- shouldAnswerWithTrue -->
      </class> <!-- CucumberProject.AutomationCucumber.AppTest -->
    </test> <!-- Surefire test -->
  </suite> <!-- Surefire suite -->
</testng-results>
